Performing C++ SOURCE FILE Test CMAKE_HAVE_LIBC_PTHREAD failed with the following output:
Change Dir: C:/Qt_BA/Examples/Qt-6.4.0/demos/build-calqlatr-Android_Qt_6_2_2_Clang_x86-Release/CMakeFiles/CMakeTmp

Run Build Command(s):C:/Qt_BA/Tools/Ninja/ninja.exe cmTC_aae21 && [1/2] Building CXX object CMakeFiles/cmTC_aae21.dir/src.cxx.o
FAILED: CMakeFiles/cmTC_aae21.dir/src.cxx.o 
C:\Users\ArianneRoselinaPrana\AppData\Local\Android\Sdk\ndk\22.1.7171670\toolchains\llvm\prebuilt\windows-x86_64\bin\clang++.exe --target=i686-none-linux-android23 --gcc-toolchain=C:/Users/ArianneRoselinaPrana/AppData/Local/Android/Sdk/ndk/22.1.7171670/toolchains/llvm/prebuilt/windows-x86_64 --sysroot=C:/Users/ArianneRoselinaPrana/AppData/Local/Android/Sdk/ndk/22.1.7171670/toolchains/llvm/prebuilt/windows-x86_64/sysroot -DCMAKE_HAVE_LIBC_PTHREAD  -g -DANDROID -fdata-sections -ffunction-sections -funwind-tables -fstack-protector-strong -no-canonical-prefixes -mstackrealign -D_FORTIFY_SOURCE=2 -Wformat -Werror=format-security    -fPIE -MD -MT CMakeFiles/cmTC_aae21.dir/src.cxx.o -MF CMakeFiles\cmTC_aae21.dir\src.cxx.o.d -o CMakeFiles/cmTC_aae21.dir/src.cxx.o -c C:/Qt_BA/Examples/Qt-6.4.0/demos/build-calqlatr-Android_Qt_6_2_2_Clang_x86-Release/CMakeFiles/CMakeTmp/src.cxx
C:/Qt_BA/Examples/Qt-6.4.0/demos/build-calqlatr-Android_Qt_6_2_2_Clang_x86-Release/CMakeFiles/CMakeTmp/src.cxx:13:3: error: use of undeclared identifier 'pthread_cancel'
  pthread_cancel(thread);
  ^
1 error generated.
ninja: build stopped: subcommand failed.


Source file was:
#include <pthread.h>

static void* test_func(void* data)
{
  return data;
}

int main(void)
{
  pthread_t thread;
  pthread_create(&thread, NULL, test_func, NULL);
  pthread_detach(thread);
  pthread_cancel(thread);
  pthread_join(thread, NULL);
  pthread_atfork(NULL, NULL, NULL);
  pthread_exit(NULL);

  return 0;
}

